\BOOKMARK [0][-]{chapter*.6}{\376\377\000L\000i\000s\000t\000\040\000o\000f\000\040\000F\000i\000g\000u\000r\000e\000s}{}% 1
\BOOKMARK [0][-]{chapter*.7}{\376\377\000L\000i\000s\000t\000\040\000o\000f\000\040\000T\000a\000b\000l\000e\000s}{}% 2
\BOOKMARK [0][-]{section*.8}{\376\377\000G\000l\000o\000s\000s\000a\000r\000y}{}% 3
\BOOKMARK [0][-]{chapter.11}{\376\377\000I\000n\000t\000r\000o\000d\000u\000c\000t\000i\000o\000n}{}% 4
\BOOKMARK [1][-]{section.12}{\376\377\000M\000o\000t\000i\000v\000a\000t\000i\000o\000n}{chapter.11}% 5
\BOOKMARK [1][-]{section.13}{\376\377\000G\000o\000a\000l\000s\000\040\000a\000n\000d\000\040\000C\000o\000n\000t\000r\000i\000b\000u\000t\000i\000o\000n\000s}{chapter.11}% 6
\BOOKMARK [1][-]{section.14}{\376\377\000D\000i\000s\000s\000e\000r\000t\000a\000t\000i\000o\000n\000\040\000O\000u\000t\000l\000i\000n\000e}{chapter.11}% 7
\BOOKMARK [0][-]{chapter.15}{\376\377\000S\000t\000a\000t\000e\000\040\000o\000f\000\040\000t\000h\000e\000\040\000A\000r\000t}{}% 8
\BOOKMARK [1][-]{section.16}{\376\377\000S\000i\000m\000u\000l\000a\000t\000i\000o\000n}{chapter.15}% 9
\BOOKMARK [2][-]{subsection.19}{\376\377\000D\000e\000f\000i\000n\000i\000t\000i\000o\000n}{section.16}% 10
\BOOKMARK [2][-]{subsection.21}{\376\377\000I\000m\000p\000o\000r\000t\000a\000n\000c\000e\000\040\000o\000f\000\040\000S\000i\000m\000u\000l\000a\000t\000i\000o\000n}{section.16}% 11
\BOOKMARK [1][-]{section.22}{\376\377\000E\000m\000b\000e\000d\000d\000e\000d\000\040\000S\000y\000s\000t\000e\000m\000s}{chapter.15}% 12
\BOOKMARK [2][-]{subsection.23}{\376\377\000D\000e\000f\000i\000n\000i\000t\000i\000o\000n}{section.22}% 13
\BOOKMARK [2][-]{subsection.30}{\376\377\000O\000p\000e\000r\000a\000t\000i\000n\000g\000\040\000S\000y\000s\000t\000e\000m\000s}{section.22}% 14
\BOOKMARK [2][-]{subsection.41}{\376\377\000D\000e\000v\000e\000l\000o\000p\000m\000e\000n\000t\000\040\000M\000o\000d\000e\000l\000s}{section.22}% 15
\BOOKMARK [2][-]{subsection.46}{\376\377\000E\000m\000b\000e\000d\000d\000e\000d\000\040\000S\000i\000m\000u\000l\000a\000t\000i\000o\000n}{section.22}% 16
\BOOKMARK [1][-]{section.49}{\376\377\000D\000i\000s\000c\000r\000e\000t\000e\000\040\000E\000v\000e\000n\000t\000\040\000S\000i\000m\000u\000l\000a\000t\000i\000o\000n}{chapter.15}% 17
\BOOKMARK [2][-]{subsection.52}{\376\377\000C\000o\000n\000t\000i\000n\000u\000o\000u\000s\000\040\000E\000v\000e\000n\000t\000\040\000S\000i\000m\000u\000l\000a\000t\000i\000o\000n}{section.49}% 18
\BOOKMARK [1][-]{section.54}{\376\377\000S\000i\000m\000u\000l\000a\000t\000i\000o\000n\000\040\000M\000o\000d\000e\000s}{chapter.15}% 19
\BOOKMARK [2][-]{subsection.55}{\376\377\000S\000e\000q\000u\000e\000n\000t\000i\000a\000l\000\040\000S\000i\000m\000u\000l\000a\000t\000i\000o\000n}{section.54}% 20
\BOOKMARK [2][-]{subsection.57}{\376\377\000T\000e\000m\000p\000o\000r\000a\000l\000\040\000D\000e\000c\000o\000u\000p\000l\000i\000n\000g}{section.54}% 21
\BOOKMARK [2][-]{subsection.59}{\376\377\000P\000a\000r\000a\000l\000l\000e\000l\000\040\000S\000i\000m\000u\000l\000a\000t\000i\000o\000n}{section.54}% 22
\BOOKMARK [1][-]{section.62}{\376\377\000G\000e\000m\0005}{chapter.15}% 23
\BOOKMARK [2][-]{subsection.63}{\376\377\000O\000v\000e\000r\000v\000i\000e\000w}{section.62}% 24
\BOOKMARK [2][-]{subsection.66}{\376\377\000S\000i\000m\000u\000l\000a\000t\000i\000o\000n\000\040\000C\000a\000p\000a\000b\000i\000l\000i\000t\000i\000e\000s}{section.62}% 25
\BOOKMARK [2][-]{subsection.69}{\376\377\000U\000s\000a\000g\000e}{section.62}% 26
\BOOKMARK [2][-]{subsection.87}{\376\377\000P\000a\000r\000-\000g\000e\000m\0005}{section.62}% 27
\BOOKMARK [2][-]{subsection.90}{\376\377\000O\000t\000h\000e\000r\000\040\000S\000i\000m\000u\000l\000a\000t\000o\000r\000s}{section.62}% 28
\BOOKMARK [1][-]{section.94}{\376\377\000M\000a\000c\000h\000i\000n\000e\000\040\000L\000e\000a\000r\000n\000i\000n\000g}{chapter.15}% 29
\BOOKMARK [2][-]{subsection.96}{\376\377\000A\000r\000t\000i\000f\000i\000c\000i\000a\000l\000\040\000N\000e\000u\000r\000a\000l\000\040\000N\000e\000t\000w\000o\000r\000k\000s}{section.94}% 30
\BOOKMARK [2][-]{subsection.99}{\376\377\000L\000e\000a\000r\000n\000i\000n\000g\000\040\000R\000u\000l\000e\000s}{section.94}% 31
\BOOKMARK [2][-]{subsection.102}{\376\377\000M\000a\000c\000h\000i\000n\000e\000\040\000L\000e\000a\000r\000n\000i\000n\000g\000\040\000i\000n\000\040\000S\000i\000m\000u\000l\000a\000t\000i\000o\000n}{section.94}% 32
\BOOKMARK [1][-]{section.104}{\376\377\000C\000o\000-\000S\000i\000m\000u\000l\000a\000t\000i\000o\000n}{chapter.15}% 33
\BOOKMARK [2][-]{subsection.107}{\376\377\000G\000e\000m\0005\000\040\000a\000n\000d\000\040\000S\000y\000s\000t\000e\000m\000C}{section.104}% 34
\BOOKMARK [0][-]{chapter.109}{\376\377\000P\000a\000r\000e\000l\000e\000l\000i\000a\000m\000m\000s\000c\000p\000v\000s\000d\000j\000\040\000v\000b\000s\000u\000i\000d\000b}{}% 35
\BOOKMARK [1][-]{section.111}{\376\377\000B\000e\000n\000c\000h\000m\000a\000r\000k\000s}{chapter.109}% 36
\BOOKMARK [2][-]{subsection.113}{\376\377\000B\000a\000r\000e\000-\000m\000e\000t\000a\000l\000\040\000B\000u\000b\000b\000l\000e\000\040\000S\000o\000r\000t}{section.111}% 37
\BOOKMARK [2][-]{subsection.115}{\376\377\000N\000P\000B}{section.111}% 38
\BOOKMARK [1][-]{section.116}{\376\377\000A\000D\000A\000L\000I\000N\000E}{chapter.109}% 39
\BOOKMARK [2][-]{subsection.119}{\376\377\000A\000d\000a\000p\000t\000i\000v\000e\000\040\000F\000i\000l\000t\000e\000r}{section.116}% 40
\BOOKMARK [2][-]{subsection.122}{\376\377\000T\000D\000L}{section.116}% 41
\BOOKMARK [2][-]{subsection.125}{\376\377\000Q\000u\000a\000n\000t\000u\000m\000\040\000I\000n\000c\000r\000e\000m\000e\000n\000t}{section.116}% 42
\BOOKMARK [2][-]{subsection.127}{\376\377\000R\000e\000s\000u\000l\000t\000s}{section.116}% 43
\BOOKMARK [1][-]{section.129}{\376\377\000I\000n\000c\000r\000e\000m\000e\000n\000t\000\040\000A\000l\000g\000o\000r\000i\000t\000h\000m}{chapter.109}% 44
\BOOKMARK [2][-]{subsection.134}{\376\377\000R\000e\000s\000u\000l\000t\000s}{section.129}% 45
\BOOKMARK [1][-]{section.136}{\376\377\000P\000C\000\040\000A\000l\000g\000o\000r\000i\000t\000h\000m}{chapter.109}% 46
\BOOKMARK [2][-]{subsection.138}{\376\377\000F\000o\000r\000e\000c\000a\000s\000t}{section.136}% 47
\BOOKMARK [2][-]{subsection.142}{\376\377\000I\000n\000c\000r\000e\000m\000e\000n\000t\000\040\000A\000l\000g\000o\000r\000i\000t\000h\000m\000\040\000U\000p\000d\000a\000t\000e}{section.136}% 48
\BOOKMARK [2][-]{subsection.143}{\376\377\000R\000e\000s\000u\000l\000t\000s}{section.136}% 49
\BOOKMARK [1][-]{section.146}{\376\377\000R\000e\000p\000e\000t\000i\000t\000i\000o\000n\000\040\000A\000l\000g\000o\000r\000i\000t\000h\000m}{chapter.109}% 50
\BOOKMARK [2][-]{subsection.148}{\376\377\000H\000a\000r\000e\000-\000T\000o\000r\000t\000o\000i\000s\000e\000\040\000A\000l\000g\000o\000r\000i\000t\000h\000m}{section.146}% 51
\BOOKMARK [2][-]{subsection.151}{\376\377\000Q\000u\000a\000n\000t\000u\000m\000\040\000C\000a\000l\000c\000u\000l\000a\000t\000i\000o\000n}{section.146}% 52
\BOOKMARK [2][-]{subsection.153}{\376\377\000R\000e\000s\000u\000l\000t\000s}{section.146}% 53
\BOOKMARK [1][-]{section.155}{\376\377\000F\000i\000n\000a\000l\000\040\000A\000l\000g\000o\000r\000i\000t\000h\000m}{chapter.109}% 54
\BOOKMARK [2][-]{subsection.157}{\376\377\000R\000e\000s\000u\000l\000t\000s}{section.155}% 55
\BOOKMARK [0][-]{chapter.158}{\376\377\000C\000o\000-\000S\000i\000m\000u\000l\000a\000t\000i\000o\000n}{}% 56
\BOOKMARK [1][-]{section.159}{\376\377\000C\000R\000C\000\040\000p\000e\000r\000i\000p\000h\000e\000r\000a\000l}{chapter.158}% 57
\BOOKMARK [2][-]{subsection.161}{\376\377\000S\000y\000s\000t\000e\000m\000C}{section.159}% 58
\BOOKMARK [2][-]{subsection.167}{\376\377\000G\000e\000m\0005}{section.159}% 59
\BOOKMARK [2][-]{subsection.168}{\376\377\000T\000L\000M\000\040\000w\000r\000a\000p\000p\000e\000r}{section.159}% 60
\BOOKMARK [2][-]{subsection.169}{\376\377\000A\000p\000p\000l\000i\000c\000a\000t\000i\000o\000n\000\040\000i\000n\000t\000e\000r\000f\000a\000c\000e}{section.159}% 61
\BOOKMARK [1][-]{section.170}{\376\377\000A\000p\000p\000l\000i\000c\000a\000t\000i\000o\000n\000\040\000s\000i\000m\000u\000l\000a\000t\000i\000o\000n\000\040\000u\000s\000i\000n\000g\000\040\000g\000e\000m\0005}{chapter.158}% 62
\BOOKMARK [2][-]{subsection.172}{\376\377\000C\000R\000C\000\040\000p\000e\000r\000i\000p\000h\000e\000r\000a\000l\000\040\000v\000a\000l\000i\000d\000a\000t\000i\000o\000n}{section.170}% 63
\BOOKMARK [1][-]{section.174}{\376\377\000M\000e\000m\000o\000r\000y\000\040\000i\000n\000t\000e\000g\000r\000i\000t\000y}{chapter.158}% 64
\BOOKMARK [2][-]{subsection.175}{\376\377\000F\000a\000u\000l\000t\000\040\000M\000o\000d\000e\000l\000i\000n\000g}{section.174}% 65
\BOOKMARK [1][-]{section.176}{\376\377\000R\000e\000s\000u\000l\000t\000s}{chapter.158}% 66
\BOOKMARK [0][-]{chapter.177}{\376\377\000C\000a\000s\000e\000\040\000O\000f\000\040\000S\000t\000u\000d\000y}{}% 67
\BOOKMARK [0][-]{chapter.178}{\376\377\000C\000o\000n\000c\000l\000u\000s\000i\000o\000n\000s}{}% 68
\BOOKMARK [0][-]{chapter.179}{\376\377\000F\000u\000t\000u\000r\000e\000\040\000W\000o\000r\000k}{}% 69
\BOOKMARK [0][-]{section*.180}{\376\377\000R\000e\000f\000e\000r\000e\000n\000c\000e\000s}{}% 70
