\BOOKMARK [0][-]{chapter*.6}{\376\377\000L\000i\000s\000t\000\040\000o\000f\000\040\000F\000i\000g\000u\000r\000e\000s}{}% 1
\BOOKMARK [0][-]{chapter*.7}{\376\377\000L\000i\000s\000t\000\040\000o\000f\000\040\000T\000a\000b\000l\000e\000s}{}% 2
\BOOKMARK [0][-]{section*.8}{\376\377\000G\000l\000o\000s\000s\000a\000r\000y}{}% 3
\BOOKMARK [0][-]{chapter.11}{\376\377\000I\000n\000t\000r\000o\000d\000u\000c\000t\000i\000o\000n}{}% 4
\BOOKMARK [1][-]{section.12}{\376\377\000M\000o\000t\000i\000v\000a\000t\000i\000o\000n}{chapter.11}% 5
\BOOKMARK [1][-]{section.13}{\376\377\000G\000o\000a\000l\000s\000\040\000a\000n\000d\000\040\000C\000o\000n\000t\000r\000i\000b\000u\000t\000i\000o\000n\000s}{chapter.11}% 6
\BOOKMARK [1][-]{section.14}{\376\377\000D\000i\000s\000s\000e\000r\000t\000a\000t\000i\000o\000n\000\040\000O\000u\000t\000l\000i\000n\000e}{chapter.11}% 7
\BOOKMARK [0][-]{chapter.15}{\376\377\000S\000t\000a\000t\000e\000\040\000o\000f\000\040\000t\000h\000e\000\040\000A\000r\000t}{}% 8
\BOOKMARK [1][-]{section.16}{\376\377\000S\000i\000m\000u\000l\000a\000t\000i\000o\000n}{chapter.15}% 9
\BOOKMARK [2][-]{subsection.19}{\376\377\000D\000e\000f\000i\000n\000i\000t\000i\000o\000n}{section.16}% 10
\BOOKMARK [2][-]{subsection.21}{\376\377\000I\000m\000p\000o\000r\000t\000a\000n\000c\000e\000\040\000o\000f\000\040\000S\000i\000m\000u\000l\000a\000t\000i\000o\000n}{section.16}% 11
\BOOKMARK [1][-]{section.22}{\376\377\000E\000m\000b\000e\000d\000d\000e\000d\000\040\000S\000y\000s\000t\000e\000m\000s}{chapter.15}% 12
\BOOKMARK [2][-]{subsection.23}{\376\377\000D\000e\000f\000i\000n\000i\000t\000i\000o\000n}{section.22}% 13
\BOOKMARK [2][-]{subsection.30}{\376\377\000O\000p\000e\000r\000a\000t\000i\000n\000g\000\040\000S\000y\000s\000t\000e\000m\000s}{section.22}% 14
\BOOKMARK [2][-]{subsection.41}{\376\377\000D\000e\000v\000e\000l\000o\000p\000m\000e\000n\000t\000\040\000M\000o\000d\000e\000l\000s}{section.22}% 15
\BOOKMARK [2][-]{subsection.45}{\376\377\000E\000m\000b\000e\000d\000d\000e\000d\000\040\000S\000i\000m\000u\000l\000a\000t\000i\000o\000n}{section.22}% 16
\BOOKMARK [1][-]{section.48}{\376\377\000D\000i\000s\000c\000r\000e\000t\000e\000\040\000E\000v\000e\000n\000t\000\040\000S\000i\000m\000u\000l\000a\000t\000i\000o\000n}{chapter.15}% 17
\BOOKMARK [2][-]{subsection.51}{\376\377\000C\000o\000n\000t\000i\000n\000u\000o\000u\000s\000\040\000E\000v\000e\000n\000t\000\040\000S\000i\000m\000u\000l\000a\000t\000i\000o\000n}{section.48}% 18
\BOOKMARK [1][-]{section.53}{\376\377\000S\000i\000m\000u\000l\000a\000t\000i\000o\000n\000\040\000M\000o\000d\000e\000s}{chapter.15}% 19
\BOOKMARK [2][-]{subsection.54}{\376\377\000S\000e\000q\000u\000e\000n\000t\000i\000a\000l\000\040\000S\000i\000m\000u\000l\000a\000t\000i\000o\000n}{section.53}% 20
\BOOKMARK [2][-]{subsection.56}{\376\377\000T\000e\000m\000p\000o\000r\000a\000l\000\040\000D\000e\000c\000o\000u\000p\000l\000i\000n\000g}{section.53}% 21
\BOOKMARK [2][-]{subsection.58}{\376\377\000P\000a\000r\000a\000l\000l\000e\000l\000\040\000S\000i\000m\000u\000l\000a\000t\000i\000o\000n}{section.53}% 22
\BOOKMARK [1][-]{section.61}{\376\377\000G\000e\000m\0005}{chapter.15}% 23
\BOOKMARK [2][-]{subsection.62}{\376\377\000O\000v\000e\000r\000v\000i\000e\000w}{section.61}% 24
\BOOKMARK [2][-]{subsection.65}{\376\377\000S\000i\000m\000u\000l\000a\000t\000i\000o\000n\000\040\000C\000a\000p\000a\000b\000i\000l\000i\000t\000i\000e\000s}{section.61}% 25
\BOOKMARK [2][-]{subsection.68}{\376\377\000U\000s\000a\000g\000e}{section.61}% 26
\BOOKMARK [2][-]{subsection.86}{\376\377\000P\000a\000r\000-\000g\000e\000m\0005}{section.61}% 27
\BOOKMARK [2][-]{subsection.89}{\376\377\000O\000t\000h\000e\000r\000\040\000S\000i\000m\000u\000l\000a\000t\000o\000r\000s}{section.61}% 28
\BOOKMARK [1][-]{section.93}{\376\377\000M\000a\000c\000h\000i\000n\000e\000\040\000L\000e\000a\000r\000n\000i\000n\000g}{chapter.15}% 29
\BOOKMARK [2][-]{subsection.95}{\376\377\000A\000r\000t\000i\000f\000i\000c\000i\000a\000l\000\040\000N\000e\000u\000r\000a\000l\000\040\000N\000e\000t\000w\000o\000r\000k\000s}{section.93}% 30
\BOOKMARK [2][-]{subsection.98}{\376\377\000L\000e\000a\000r\000n\000i\000n\000g\000\040\000R\000u\000l\000e\000s}{section.93}% 31
\BOOKMARK [2][-]{subsection.101}{\376\377\000M\000a\000c\000h\000i\000n\000e\000\040\000L\000e\000a\000r\000n\000i\000n\000g\000\040\000i\000n\000\040\000S\000i\000m\000u\000l\000a\000t\000i\000o\000n}{section.93}% 32
\BOOKMARK [1][-]{section.103}{\376\377\000C\000o\000-\000S\000i\000m\000u\000l\000a\000t\000i\000o\000n}{chapter.15}% 33
\BOOKMARK [2][-]{subsection.106}{\376\377\000C\000o\000-\000S\000i\000m\000u\000l\000a\000t\000i\000o\000n\000\040\000o\000n\000\040\000G\000e\000m\0005}{section.103}% 34
\BOOKMARK [0][-]{chapter.107}{\376\377\000D\000y\000n\000a\000m\000i\000c\000\040\000Q\000u\000a\000n\000t\000u\000m\000\040\000E\000x\000t\000e\000n\000s\000i\000o\000n}{}% 35
\BOOKMARK [1][-]{section.109}{\376\377\000P\000a\000r\000-\000g\000e\000m\0005\000\040\000C\000h\000a\000n\000g\000e\000s\000\040\000a\000n\000d\000\040\000B\000e\000n\000c\000h\000m\000a\000r\000k\000s}{chapter.107}% 36
\BOOKMARK [2][-]{subsection.110}{\376\377\000P\000a\000r\000-\000g\000e\000m\0005\000\040\000C\000h\000a\000n\000g\000e\000s}{section.109}% 37
\BOOKMARK [2][-]{subsection.148}{\376\377\000B\000e\000n\000c\000h\000m\000a\000r\000k\000s}{section.109}% 38
\BOOKMARK [1][-]{section.151}{\376\377\000A\000D\000A\000L\000I\000N\000E\000-\000B\000a\000s\000e\000d\000\040\000A\000l\000g\000o\000r\000i\000t\000h\000m}{chapter.107}% 39
\BOOKMARK [2][-]{subsection.154}{\376\377\000A\000d\000a\000p\000t\000i\000v\000e\000\040\000F\000i\000l\000t\000e\000r}{section.151}% 40
\BOOKMARK [2][-]{subsection.157}{\376\377\000T\000D\000L}{section.151}% 41
\BOOKMARK [2][-]{subsection.160}{\376\377\000Q\000u\000a\000n\000t\000u\000m\000\040\000I\000n\000c\000r\000e\000m\000e\000n\000t}{section.151}% 42
\BOOKMARK [2][-]{subsection.162}{\376\377\000R\000e\000s\000u\000l\000t\000s}{section.151}% 43
\BOOKMARK [1][-]{section.164}{\376\377\000S\000t\000e\000p\000\040\000L\000a\000d\000d\000e\000r\000\040\000A\000l\000g\000o\000r\000i\000t\000h\000m}{chapter.107}% 44
\BOOKMARK [2][-]{subsection.169}{\376\377\000R\000e\000s\000u\000l\000t\000s}{section.164}% 45
\BOOKMARK [1][-]{section.171}{\376\377\000I\000n\000s\000t\000r\000u\000c\000t\000i\000o\000n\000\040\000F\000l\000o\000w\000\040\000P\000r\000e\000d\000i\000c\000t\000i\000o\000n\000\040\000A\000l\000g\000o\000r\000i\000t\000h\000m}{chapter.107}% 46
\BOOKMARK [2][-]{subsection.173}{\376\377\000F\000o\000r\000e\000c\000a\000s\000t}{section.171}% 47
\BOOKMARK [2][-]{subsection.177}{\376\377\000S\000t\000e\000p\000\040\000L\000a\000d\000d\000e\000r\000\040\000U\000p\000d\000a\000t\000e}{section.171}% 48
\BOOKMARK [2][-]{subsection.178}{\376\377\000R\000e\000s\000u\000l\000t\000s}{section.171}% 49
\BOOKMARK [1][-]{section.180}{\376\377\000L\000o\000o\000p\000\040\000D\000e\000t\000e\000c\000t\000i\000o\000n\000\040\000A\000l\000g\000o\000r\000i\000t\000h\000m}{chapter.107}% 50
\BOOKMARK [2][-]{subsection.182}{\376\377\000H\000a\000r\000e\000-\000T\000o\000r\000t\000o\000i\000s\000e\000\040\000A\000l\000g\000o\000r\000i\000t\000h\000m}{section.180}% 51
\BOOKMARK [2][-]{subsection.185}{\376\377\000Q\000u\000a\000n\000t\000u\000m\000\040\000C\000a\000l\000c\000u\000l\000a\000t\000i\000o\000n}{section.180}% 52
\BOOKMARK [2][-]{subsection.187}{\376\377\000R\000e\000s\000u\000l\000t\000s}{section.180}% 53
\BOOKMARK [1][-]{section.213}{\376\377\000I\000m\000p\000r\000o\000v\000e\000d\000\040\000B\000a\000s\000e\000l\000i\000n\000e\000\040\000A\000l\000g\000o\000r\000i\000t\000h\000m}{chapter.107}% 54
\BOOKMARK [2][-]{subsection.215}{\376\377\000R\000e\000s\000u\000l\000t\000s}{section.213}% 55
\BOOKMARK [0][-]{chapter.218}{\376\377\000C\000o\000-\000S\000i\000m\000u\000l\000a\000t\000i\000o\000n\000\040\000o\000n\000\040\000G\000e\000m\0005}{}% 56
\BOOKMARK [1][-]{section.219}{\376\377\000F\000r\000a\000m\000e\000w\000o\000r\000k\000\040\000P\000r\000o\000p\000o\000s\000a\000l}{chapter.218}% 57
\BOOKMARK [2][-]{subsection.221}{\376\377\000R\000e\000m\000o\000t\000e\000\040\000P\000o\000r\000t\000\040\000I\000n\000t\000e\000r\000f\000a\000c\000e}{section.219}% 58
\BOOKMARK [2][-]{subsection.227}{\376\377\000S\000y\000s\000t\000e\000m\000C\000\040\000I\000n\000t\000e\000r\000f\000a\000c\000e}{section.219}% 59
\BOOKMARK [2][-]{subsection.230}{\376\377\000G\000e\000m\0005\000\040\000I\000n\000t\000e\000r\000f\000a\000c\000e}{section.219}% 60
\BOOKMARK [1][-]{section.240}{\376\377\000C\000R\000C\000\040\000a\000s\000\040\000a\000\040\000C\000a\000s\000e\000\040\000S\000t\000u\000d\000y}{chapter.218}% 61
\BOOKMARK [2][-]{subsection.241}{\376\377\000P\000e\000r\000i\000p\000h\000e\000r\000a\000l\000\040\000D\000e\000v\000e\000l\000o\000p\000m\000e\000n\000t\000\040\000o\000n\000\040\000S\000y\000s\000t\000e\000m\000C}{section.240}% 62
\BOOKMARK [2][-]{subsection.246}{\376\377\000P\000e\000r\000i\000p\000h\000e\000r\000a\000l\000\040\000D\000e\000v\000e\000l\000o\000p\000m\000e\000n\000t\000\040\000o\000n\000\040\000G\000e\000m\0005}{section.240}% 63
\BOOKMARK [2][-]{subsection.261}{\376\377\000A\000p\000p\000l\000i\000c\000a\000t\000i\000o\000n\000\040\000A\000P\000I}{section.240}% 64
\BOOKMARK [2][-]{subsection.263}{\376\377\000P\000e\000r\000i\000p\000h\000e\000r\000a\000l\000\040\000V\000a\000l\000i\000d\000a\000t\000i\000o\000n}{section.240}% 65
\BOOKMARK [2][-]{subsection.305}{\376\377\000M\000e\000m\000o\000r\000y\000\040\000I\000n\000t\000e\000g\000r\000i\000t\000y}{section.240}% 66
\BOOKMARK [1][-]{section.314}{\376\377\000D\000y\000n\000a\000m\000i\000c\000\040\000Q\000u\000a\000n\000t\000u\000m\000\040\000I\000n\000t\000e\000g\000r\000a\000t\000i\000o\000n}{chapter.218}% 67
\BOOKMARK [0][-]{chapter.316}{\376\377\000C\000o\000n\000c\000l\000u\000s\000i\000o\000n\000s}{}% 68
\BOOKMARK [1][-]{section.317}{\376\377\000D\000e\000v\000e\000l\000o\000p\000e\000d\000\040\000W\000o\000r\000k}{chapter.316}% 69
\BOOKMARK [1][-]{section.318}{\376\377\000F\000u\000t\000u\000r\000e\000\040\000W\000o\000r\000k}{chapter.316}% 70
\BOOKMARK [0][-]{section*.319}{\376\377\000R\000e\000f\000e\000r\000e\000n\000c\000e\000s}{}% 71
